<?xml version="1.0" encoding="UTF-8"?>
<!-- Generated by org.testng.reporters.JUnitReportReporter -->
<testsuite hostname="Pallavi" failures="0" tests="1" name="com.inetbanking.testCases.LoginTest" time="11.727" errors="0" timestamp="28 Jan 2020 11:15:58 GMT" skipped="0">
  <testcase classname="com.inetbanking.testCases.LoginTest" name="loginTest" time="11.727"/>
</testsuite> <!-- com.inetbanking.testCases.LoginTest -->
