<?xml version="1.0" encoding="UTF-8"?>
<!-- Generated by org.testng.reporters.JUnitReportReporter -->
<testsuite hostname="Pallavi" failures="0" tests="1" name="com.inetbanking.testCases.LoginTest" time="5.264" errors="0" timestamp="30 Jan 2020 21:29:04 GMT" skipped="0">
  <testcase classname="com.inetbanking.testCases.LoginTest" name="loginTest" time="5.264"/>
</testsuite> <!-- com.inetbanking.testCases.LoginTest -->
